<?xml version="1.0" encoding="UTF-8"?>
<!-- Generated by org.testng.reporters.JUnitXMLReporter -->
<testsuite ignored="0" hostname="LAPTOP-0GM7ND46" failures="1" tests="2" name="Test" time="6.298" errors="0" timestamp="2023-04-03T17:35:29 IST">
  <testcase classname="testNG_test_scripts.TestNG_for_XML" name="TestCase_for_xml_topic" time="3.929">
    <failure type="java.lang.AssertionError" message="expected [Amazon] but found [Amazon.com. Spend less. Smile more.]">
      <![CDATA[java.lang.AssertionError: expected [Amazon] but found [Amazon.com. Spend less. Smile more.]
at testNG_test_scripts.TestNG_for_XML.TestCase_for_xml_topic(TestNG_for_XML.java:27)
at java.base/java.util.ArrayList.forEach(ArrayList.java:1511)
... Removed 31 stack frames]]>
    </failure>
  </testcase> <!-- TestCase_for_xml_topic -->
  <testcase classname="testNG_test_scripts.TestNG_for_Installation" name="Page" time="2.331"/>
</testsuite> <!-- Test -->
